2025-01-14 10:38:29.471 | INFO     | utils.utils_logger:<module>:38 - Logging to file: logs/project_log.log
2025-01-14 10:38:29.471 | INFO     | __main__:main:106 - START producer...
2025-01-14 10:38:29.471 | INFO     | __main__:main:107 - Hit CTRL c (or CMD c) to close.
2025-01-14 10:38:29.471 | INFO     | __main__:get_message_interval:53 - Messages will be sent every 3 seconds.
2025-01-14 10:38:29.471 | INFO     | __main__:main:114 - I just saw a trick! It was exciting.
2025-01-14 10:38:32.474 | INFO     | __main__:main:114 - I just tried a meme! It was exciting.
2025-01-14 10:38:35.480 | INFO     | __main__:main:114 - I just shared a meme! It was weird.
2025-01-14 10:38:38.484 | INFO     | __main__:main:114 - I just shared a meme! It was exciting.
2025-01-14 10:38:41.486 | INFO     | __main__:main:114 - I just tried an app! It was funny.
2025-01-14 10:38:44.491 | INFO     | __main__:main:114 - I just tried a trick! It was amazing.
2025-01-14 10:38:47.497 | INFO     | __main__:main:114 - I just saw a story! It was weird.
2025-01-14 10:38:50.503 | INFO     | __main__:main:114 - I just found a movie! It was boring.
2025-01-14 10:38:53.506 | INFO     | __main__:main:114 - I just saw a story! It was boring.
2025-01-14 10:38:56.512 | INFO     | __main__:main:114 - I just loved a story! It was amazing.
2025-01-14 10:38:59.518 | INFO     | __main__:main:114 - I just found an app! It was amazing.
2025-01-14 10:39:02.521 | INFO     | __main__:main:114 - I just found an app! It was boring.
2025-01-14 10:39:05.525 | INFO     | __main__:main:114 - I just shared a movie! It was amazing.
2025-01-14 10:39:08.530 | INFO     | __main__:main:114 - I just found an app! It was amazing.
2025-01-14 10:39:11.537 | INFO     | __main__:main:114 - I just tried a story! It was boring.
2025-01-14 10:39:14.542 | INFO     | __main__:main:114 - I just loved an app! It was weird.
2025-01-14 10:39:17.545 | INFO     | __main__:main:114 - I just saw a story! It was boring.
2025-01-14 10:39:20.551 | INFO     | __main__:main:114 - I just shared a trick! It was boring.
2025-01-14 10:39:23.554 | INFO     | __main__:main:114 - I just shared a story! It was exciting.
2025-01-14 10:39:26.560 | INFO     | __main__:main:114 - I just loved a story! It was exciting.
2025-01-14 10:39:29.565 | INFO     | __main__:main:114 - I just found an app! It was funny.
2025-01-14 10:39:32.571 | INFO     | __main__:main:114 - I just shared a movie! It was boring.
2025-01-14 10:39:35.577 | INFO     | __main__:main:114 - I just shared a trick! It was boring.
2025-01-14 10:39:38.580 | INFO     | __main__:main:114 - I just shared a trick! It was exciting.
2025-01-14 10:39:41.586 | INFO     | __main__:main:114 - I just saw a trick! It was exciting.
2025-01-14 10:39:44.588 | INFO     | __main__:main:114 - I just shared an app! It was weird.
2025-01-14 10:39:47.589 | INFO     | __main__:main:114 - I just tried a trick! It was amazing.
2025-01-14 10:39:50.595 | INFO     | __main__:main:114 - I just tried a meme! It was exciting.
2025-01-14 10:39:53.598 | INFO     | __main__:main:114 - I just shared a movie! It was weird.
2025-01-14 10:39:56.603 | INFO     | __main__:main:114 - I just tried a trick! It was weird.
2025-01-14 10:39:59.407 | INFO     | utils.utils_logger:<module>:38 - Logging to file: logs/project_log.log
2025-01-14 10:39:59.609 | INFO     | __main__:main:114 - I just saw a meme! It was weird.
2025-01-14 10:40:02.612 | INFO     | __main__:main:114 - I just found a story! It was weird.
2025-01-14 10:40:05.616 | INFO     | __main__:main:114 - I just loved a story! It was exciting.
2025-01-14 10:40:08.621 | INFO     | __main__:main:114 - I just tried a trick! It was amazing.
2025-01-14 10:40:11.627 | INFO     | __main__:main:114 - I just loved an app! It was weird.
2025-01-14 10:40:14.629 | INFO     | __main__:main:114 - I just found an app! It was boring.
2025-01-14 10:40:17.632 | INFO     | __main__:main:114 - I just tried a meme! It was funny.
2025-01-14 10:40:20.633 | INFO     | __main__:main:114 - I just loved a movie! It was boring.
2025-01-14 10:40:23.639 | INFO     | __main__:main:114 - I just shared a movie! It was weird.
2025-01-14 10:40:26.644 | INFO     | __main__:main:114 - I just loved a movie! It was funny.
2025-01-14 10:40:29.647 | INFO     | __main__:main:114 - I just found an app! It was amazing.
2025-01-14 10:40:32.649 | INFO     | __main__:main:114 - I just tried a movie! It was amazing.
2025-01-14 10:40:35.652 | INFO     | __main__:main:114 - I just found a trick! It was boring.
2025-01-14 10:40:38.653 | INFO     | __main__:main:114 - I just found a story! It was boring.
2025-01-14 10:40:41.659 | INFO     | __main__:main:114 - I just found a meme! It was funny.
2025-01-14 10:40:44.665 | INFO     | __main__:main:114 - I just shared an app! It was exciting.
2025-01-14 10:40:47.666 | INFO     | __main__:main:114 - I just loved an app! It was funny.
2025-01-14 10:40:50.673 | INFO     | __main__:main:114 - I just saw a meme! It was amazing.
2025-01-14 10:40:53.678 | INFO     | __main__:main:114 - I just tried an app! It was weird.
2025-01-14 10:40:56.684 | INFO     | __main__:main:114 - I just saw a trick! It was funny.
2025-01-14 10:40:59.690 | INFO     | __main__:main:114 - I just tried an app! It was weird.
2025-01-14 10:41:02.692 | INFO     | __main__:main:114 - I just found a trick! It was exciting.
2025-01-14 10:41:05.694 | INFO     | __main__:main:114 - I just tried a story! It was weird.
2025-01-14 10:41:08.700 | INFO     | __main__:main:114 - I just found a trick! It was boring.
2025-01-14 10:41:11.701 | INFO     | __main__:main:114 - I just shared an app! It was amazing.
2025-01-14 10:41:14.707 | INFO     | __main__:main:114 - I just tried a story! It was funny.
2025-01-14 10:41:17.710 | INFO     | __main__:main:114 - I just found a story! It was boring.
2025-01-14 10:41:20.716 | INFO     | __main__:main:114 - I just tried a meme! It was amazing.
2025-01-14 10:41:23.721 | INFO     | __main__:main:114 - I just loved a movie! It was exciting.
2025-01-14 10:41:26.727 | INFO     | __main__:main:114 - I just loved a movie! It was amazing.
2025-01-14 10:41:29.733 | INFO     | __main__:main:114 - I just loved a trick! It was exciting.
2025-01-14 10:41:32.738 | INFO     | __main__:main:114 - I just loved a meme! It was amazing.
2025-01-14 10:41:35.740 | INFO     | __main__:main:114 - I just loved a trick! It was amazing.
2025-01-14 10:41:38.745 | INFO     | __main__:main:114 - I just saw a movie! It was amazing.
2025-01-14 10:41:41.746 | INFO     | __main__:main:114 - I just saw a meme! It was boring.
2025-01-14 10:41:44.747 | INFO     | __main__:main:114 - I just saw a trick! It was amazing.
2025-01-14 10:41:47.109 | INFO     | utils.utils_logger:<module>:38 - Logging to file: logs/project_log.log
2025-01-14 10:41:47.109 | INFO     | __main__:main:68 - START...
2025-01-14 10:41:47.109 | INFO     | __main__:main:74 - Reading file located at logs/project_log.log.
2025-01-14 10:41:47.748 | INFO     | __main__:main:114 - I just shared a trick! It was weird.
2025-01-14 10:41:50.753 | INFO     | __main__:main:114 - I just tried a story! It was weird.
2025-01-14 10:41:53.755 | INFO     | __main__:main:114 - I just loved a meme! It was boring.
2025-01-14 10:41:56.761 | INFO     | __main__:main:114 - I just loved a trick! It was funny.
2025-01-14 10:41:59.763 | INFO     | __main__:main:114 - I just tried a movie! It was amazing.
2025-01-14 10:42:02.769 | INFO     | __main__:main:114 - I just found a movie! It was boring.
2025-01-14 10:42:05.775 | INFO     | __main__:main:114 - I just saw a trick! It was amazing.
2025-01-14 10:42:08.780 | INFO     | __main__:main:114 - I just loved a story! It was amazing.
2025-01-14 10:42:11.786 | INFO     | __main__:main:114 - I just loved a meme! It was boring.
2025-01-14 10:42:14.788 | INFO     | __main__:main:114 - I just loved a meme! It was weird.
2025-01-14 10:42:17.790 | INFO     | __main__:main:114 - I just loved an app! It was funny.
2025-01-14 10:42:20.796 | INFO     | __main__:main:114 - I just found a meme! It was exciting.
2025-01-14 10:42:23.802 | INFO     | __main__:main:114 - I just loved a story! It was boring.
2025-01-14 10:42:26.807 | INFO     | __main__:main:114 - I just loved a trick! It was boring.
2025-01-14 10:42:29.811 | INFO     | __main__:main:114 - I just shared an app! It was weird.
2025-01-14 10:42:32.814 | INFO     | __main__:main:114 - I just found an app! It was amazing.
2025-01-14 10:42:35.820 | INFO     | __main__:main:114 - I just saw an app! It was exciting.
2025-01-14 10:42:38.826 | INFO     | __main__:main:114 - I just saw a trick! It was weird.
2025-01-14 10:42:41.829 | INFO     | __main__:main:114 - I just found a trick! It was exciting.
2025-01-14 10:42:44.831 | INFO     | __main__:main:114 - I just tried a movie! It was boring.
2025-01-14 10:42:47.833 | INFO     | __main__:main:114 - I just loved a meme! It was boring.
2025-01-14 10:42:50.839 | INFO     | __main__:main:114 - I just shared an app! It was amazing.
2025-01-14 10:42:53.845 | INFO     | __main__:main:114 - I just tried a meme! It was amazing.
2025-01-14 10:42:56.850 | INFO     | __main__:main:114 - I just shared a story! It was amazing.
2025-01-14 10:42:59.856 | INFO     | __main__:main:114 - I just found a trick! It was amazing.
2025-01-14 10:43:02.859 | INFO     | __main__:main:114 - I just found a meme! It was weird.
2025-01-14 10:43:05.864 | INFO     | __main__:main:114 - I just found a meme! It was boring.
2025-01-14 10:43:08.869 | INFO     | __main__:main:114 - I just saw a story! It was amazing.
2025-01-14 10:43:11.875 | INFO     | __main__:main:114 - I just tried a movie! It was amazing.
2025-01-14 10:43:14.878 | INFO     | __main__:main:114 - I just found a meme! It was exciting.
2025-01-14 10:43:17.879 | INFO     | __main__:main:114 - I just tried a movie! It was funny.
2025-01-14 10:43:20.885 | INFO     | __main__:main:114 - I just saw an app! It was amazing.
2025-01-14 10:43:23.889 | INFO     | __main__:main:114 - I just saw an app! It was funny.
2025-01-14 10:43:26.893 | INFO     | __main__:main:114 - I just saw a trick! It was boring.
2025-01-14 10:43:29.895 | INFO     | __main__:main:114 - I just tried a movie! It was funny.
2025-01-14 10:43:32.901 | INFO     | __main__:main:114 - I just shared a trick! It was boring.
2025-01-14 10:43:35.901 | INFO     | __main__:main:114 - I just shared a movie! It was weird.
2025-01-14 10:43:38.903 | INFO     | __main__:main:114 - I just found a meme! It was amazing.
2025-01-14 10:43:41.905 | INFO     | __main__:main:114 - I just shared a meme! It was amazing.
2025-01-14 10:43:44.911 | INFO     | __main__:main:114 - I just found an app! It was weird.
2025-01-14 10:43:47.917 | INFO     | __main__:main:114 - I just saw a trick! It was exciting.
2025-01-14 10:43:50.920 | INFO     | __main__:main:114 - I just found a story! It was boring.
2025-01-14 10:43:53.924 | INFO     | __main__:main:114 - I just loved a story! It was exciting.
2025-01-14 10:43:56.926 | INFO     | __main__:main:114 - I just tried a trick! It was weird.
2025-01-14 10:43:59.933 | INFO     | __main__:main:114 - I just loved an app! It was boring.
2025-01-14 10:44:02.939 | INFO     | __main__:main:114 - I just tried a meme! It was exciting.
2025-01-14 10:44:05.945 | INFO     | __main__:main:114 - I just saw a trick! It was amazing.
2025-01-14 10:44:08.948 | INFO     | __main__:main:114 - I just found a trick! It was amazing.
2025-01-14 10:44:11.950 | INFO     | __main__:main:114 - I just loved a movie! It was amazing.
2025-01-14 10:44:14.954 | INFO     | __main__:main:114 - I just shared a meme! It was exciting.
2025-01-14 10:44:17.960 | INFO     | __main__:main:114 - I just loved a meme! It was funny.
2025-01-14 10:44:20.966 | INFO     | __main__:main:114 - I just shared a story! It was weird.
2025-01-14 10:44:23.971 | INFO     | __main__:main:114 - I just shared a story! It was boring.
2025-01-14 10:44:26.973 | INFO     | __main__:main:114 - I just tried a trick! It was exciting.
2025-01-14 10:44:29.978 | INFO     | __main__:main:114 - I just saw a trick! It was boring.
2025-01-14 10:44:32.984 | INFO     | __main__:main:114 - I just shared an app! It was funny.
2025-01-14 10:44:35.989 | INFO     | __main__:main:114 - I just tried a trick! It was weird.
2025-01-14 10:44:38.993 | INFO     | __main__:main:114 - I just saw a trick! It was boring.
2025-01-14 10:44:41.999 | INFO     | __main__:main:114 - I just loved a story! It was exciting.
2025-01-14 10:44:45.003 | INFO     | __main__:main:114 - I just loved a trick! It was boring.
2025-01-14 10:44:48.009 | INFO     | __main__:main:114 - I just loved a trick! It was weird.
2025-01-14 10:44:51.013 | INFO     | __main__:main:114 - I just loved a movie! It was exciting.
2025-01-14 10:44:54.020 | INFO     | __main__:main:114 - I just shared a meme! It was amazing.
2025-01-14 10:44:57.024 | INFO     | __main__:main:114 - I just saw a trick! It was amazing.
2025-01-14 10:45:00.027 | INFO     | __main__:main:114 - I just tried a meme! It was boring.
2025-01-14 10:45:03.033 | INFO     | __main__:main:114 - I just tried a meme! It was amazing.
2025-01-14 10:45:06.037 | INFO     | __main__:main:114 - I just tried a story! It was weird.
2025-01-14 10:45:09.043 | INFO     | __main__:main:114 - I just saw an app! It was weird.
2025-01-14 10:45:12.049 | INFO     | __main__:main:114 - I just saw an app! It was amazing.
2025-01-14 10:45:15.051 | INFO     | __main__:main:114 - I just loved a story! It was funny.
2025-01-14 10:45:18.056 | INFO     | __main__:main:114 - I just loved a story! It was exciting.
2025-01-14 10:45:21.059 | INFO     | __main__:main:114 - I just tried a movie! It was exciting.
2025-01-14 10:45:24.065 | INFO     | __main__:main:114 - I just saw an app! It was exciting.
2025-01-14 10:45:27.070 | INFO     | __main__:main:114 - I just found a trick! It was funny.
2025-01-14 10:45:30.075 | INFO     | __main__:main:114 - I just saw a story! It was weird.
2025-01-14 10:45:33.078 | INFO     | __main__:main:114 - I just tried a meme! It was boring.
2025-01-14 10:45:36.083 | INFO     | __main__:main:114 - I just tried a story! It was amazing.
2025-01-14 10:45:39.089 | INFO     | __main__:main:114 - I just loved an app! It was funny.
2025-01-14 10:45:42.092 | INFO     | __main__:main:114 - I just loved an app! It was funny.
2025-01-14 10:45:45.098 | INFO     | __main__:main:114 - I just shared a meme! It was weird.
2025-01-14 10:45:48.101 | INFO     | __main__:main:114 - I just saw a meme! It was boring.
2025-01-14 10:45:51.107 | INFO     | __main__:main:114 - I just saw a movie! It was boring.
2025-01-14 10:45:54.110 | INFO     | __main__:main:114 - I just loved an app! It was weird.
2025-01-14 10:45:57.112 | INFO     | __main__:main:114 - I just shared a story! It was funny.
2025-01-14 10:46:00.114 | INFO     | __main__:main:114 - I just tried a story! It was boring.
2025-01-14 10:46:03.116 | INFO     | __main__:main:114 - I just found a trick! It was amazing.
2025-01-14 10:46:06.122 | INFO     | __main__:main:114 - I just saw a trick! It was boring.
2025-01-14 10:46:09.128 | INFO     | __main__:main:114 - I just shared a meme! It was funny.
2025-01-14 10:46:12.130 | INFO     | __main__:main:114 - I just shared a trick! It was amazing.
2025-01-14 10:46:15.135 | INFO     | __main__:main:114 - I just shared an app! It was amazing.
2025-01-14 10:46:18.140 | INFO     | __main__:main:114 - I just saw a movie! It was exciting.
2025-01-14 10:46:21.142 | INFO     | __main__:main:114 - I just found a trick! It was funny.
2025-01-14 10:46:24.148 | INFO     | __main__:main:114 - I just tried a meme! It was funny.
2025-01-14 10:46:27.154 | INFO     | __main__:main:114 - I just tried a trick! It was weird.
2025-01-14 10:46:30.155 | INFO     | __main__:main:114 - I just shared an app! It was weird.
2025-01-14 10:46:33.159 | INFO     | __main__:main:114 - I just found a story! It was amazing.
2025-01-14 10:46:36.165 | INFO     | __main__:main:114 - I just found a meme! It was boring.
2025-01-14 10:46:39.166 | INFO     | __main__:main:114 - I just saw a meme! It was boring.
2025-01-14 10:46:42.172 | INFO     | __main__:main:114 - I just saw a meme! It was exciting.
2025-01-14 10:46:45.175 | INFO     | __main__:main:114 - I just found an app! It was funny.
2025-01-14 10:46:48.179 | INFO     | __main__:main:114 - I just saw a meme! It was boring.
2025-01-14 10:46:51.181 | INFO     | __main__:main:114 - I just tried a trick! It was funny.
2025-01-14 10:46:54.187 | INFO     | __main__:main:114 - I just saw a trick! It was weird.
2025-01-14 10:46:57.192 | INFO     | __main__:main:114 - I just loved an app! It was exciting.
2025-01-14 10:47:00.195 | INFO     | __main__:main:114 - I just saw a meme! It was exciting.
2025-01-14 10:47:03.197 | INFO     | __main__:main:114 - I just loved a meme! It was amazing.
2025-01-14 10:47:06.198 | INFO     | __main__:main:114 - I just loved an app! It was weird.
2025-01-14 10:47:09.199 | INFO     | __main__:main:114 - I just loved a story! It was boring.
2025-01-14 10:47:12.200 | INFO     | __main__:main:114 - I just saw a meme! It was funny.
2025-01-14 10:47:15.201 | INFO     | __main__:main:114 - I just tried a meme! It was weird.
2025-01-14 10:47:18.207 | INFO     | __main__:main:114 - I just shared a trick! It was weird.
2025-01-14 10:47:21.209 | INFO     | __main__:main:114 - I just saw a movie! It was funny.
2025-01-14 10:47:24.215 | INFO     | __main__:main:114 - I just loved an app! It was weird.
2025-01-14 10:47:27.216 | INFO     | __main__:main:114 - I just tried a trick! It was funny.
2025-01-14 10:47:30.218 | INFO     | __main__:main:114 - I just tried a movie! It was funny.
2025-01-14 10:47:33.220 | INFO     | __main__:main:114 - I just found a movie! It was boring.
2025-01-14 10:47:36.221 | INFO     | __main__:main:114 - I just found an app! It was funny.
2025-01-14 10:47:39.224 | INFO     | __main__:main:114 - I just found a meme! It was funny.
2025-01-14 10:47:42.230 | INFO     | __main__:main:114 - I just loved a trick! It was amazing.
2025-01-14 10:47:45.232 | INFO     | __main__:main:114 - I just loved a trick! It was boring.
2025-01-14 10:47:48.233 | INFO     | __main__:main:114 - I just loved a story! It was amazing.
2025-01-14 10:47:51.234 | INFO     | __main__:main:114 - I just shared a meme! It was funny.
2025-01-14 10:47:54.237 | INFO     | __main__:main:114 - I just tried a trick! It was weird.
2025-01-14 10:47:57.238 | INFO     | __main__:main:114 - I just found a meme! It was amazing.
2025-01-14 10:48:00.241 | INFO     | __main__:main:114 - I just shared an app! It was weird.
2025-01-14 10:48:03.247 | INFO     | __main__:main:114 - I just tried a meme! It was funny.
2025-01-14 10:48:06.253 | INFO     | __main__:main:114 - I just tried a movie! It was weird.
2025-01-14 10:48:09.259 | INFO     | __main__:main:114 - I just saw a story! It was weird.
2025-01-14 10:48:12.261 | INFO     | __main__:main:114 - I just found a story! It was weird.
2025-01-14 10:48:15.263 | INFO     | __main__:main:114 - I just found a trick! It was boring.
2025-01-14 10:48:18.264 | INFO     | __main__:main:114 - I just found an app! It was exciting.
2025-01-14 10:48:21.270 | INFO     | __main__:main:114 - I just saw a meme! It was boring.
2025-01-14 10:48:24.273 | INFO     | __main__:main:114 - I just shared an app! It was weird.
2025-01-14 10:48:27.279 | INFO     | __main__:main:114 - I just saw a trick! It was amazing.
2025-01-14 10:48:30.281 | INFO     | __main__:main:114 - I just shared an app! It was weird.
2025-01-14 10:48:33.282 | INFO     | __main__:main:114 - I just shared a movie! It was weird.
2025-01-14 10:48:36.285 | INFO     | __main__:main:114 - I just found an app! It was funny.
2025-01-14 10:48:39.290 | INFO     | __main__:main:114 - I just loved a trick! It was amazing.
2025-01-14 10:48:42.291 | INFO     | __main__:main:114 - I just loved a meme! It was exciting.
2025-01-14 10:48:45.293 | INFO     | __main__:main:114 - I just loved a trick! It was exciting.
2025-01-14 10:48:48.296 | INFO     | __main__:main:114 - I just shared an app! It was boring.
2025-01-14 10:48:51.302 | INFO     | __main__:main:114 - I just tried a movie! It was boring.
2025-01-14 10:48:54.307 | INFO     | __main__:main:114 - I just saw an app! It was amazing.
2025-01-14 10:48:57.312 | INFO     | __main__:main:114 - I just shared a movie! It was funny.
2025-01-14 10:49:00.318 | INFO     | __main__:main:114 - I just tried a meme! It was funny.
2025-01-14 10:49:03.319 | INFO     | __main__:main:114 - I just tried a meme! It was weird.
2025-01-14 10:49:06.321 | INFO     | __main__:main:114 - I just shared a meme! It was funny.
2025-01-14 10:49:09.325 | INFO     | __main__:main:114 - I just saw a story! It was amazing.
2025-01-14 10:49:12.327 | INFO     | __main__:main:114 - I just saw a trick! It was weird.
2025-01-14 10:49:15.333 | INFO     | __main__:main:114 - I just saw a movie! It was funny.
2025-01-14 10:49:18.334 | INFO     | __main__:main:114 - I just loved an app! It was amazing.
2025-01-14 10:49:21.340 | INFO     | __main__:main:114 - I just loved a movie! It was weird.
2025-01-14 10:49:24.345 | INFO     | __main__:main:114 - I just found a meme! It was exciting.
2025-01-14 10:49:27.352 | INFO     | __main__:main:114 - I just shared a story! It was amazing.
2025-01-14 10:49:30.358 | INFO     | __main__:main:114 - I just saw a story! It was weird.
2025-01-14 10:49:33.364 | INFO     | __main__:main:114 - I just found a movie! It was funny.
2025-01-14 10:49:36.369 | INFO     | __main__:main:114 - I just tried a movie! It was exciting.
2025-01-14 10:49:39.375 | INFO     | __main__:main:114 - I just found an app! It was amazing.
2025-01-14 10:49:42.381 | INFO     | __main__:main:114 - I just found a meme! It was boring.
2025-01-14 10:49:45.387 | INFO     | __main__:main:114 - I just shared a meme! It was exciting.
2025-01-14 10:49:48.393 | INFO     | __main__:main:114 - I just saw a movie! It was weird.
2025-01-14 10:49:51.398 | INFO     | __main__:main:114 - I just saw a trick! It was exciting.
2025-01-14 10:49:54.403 | INFO     | __main__:main:114 - I just loved a meme! It was amazing.
2025-01-14 10:49:57.407 | INFO     | __main__:main:114 - I just saw a trick! It was weird.
2025-01-14 10:50:00.413 | INFO     | __main__:main:114 - I just found a movie! It was boring.
2025-01-14 10:50:03.415 | INFO     | __main__:main:114 - I just tried a movie! It was funny.
2025-01-14 10:50:06.416 | INFO     | __main__:main:114 - I just saw a story! It was weird.
2025-01-14 10:50:09.418 | INFO     | __main__:main:114 - I just shared a trick! It was weird.
2025-01-14 10:50:12.424 | INFO     | __main__:main:114 - I just saw an app! It was funny.
2025-01-14 10:50:15.426 | INFO     | __main__:main:114 - I just tried an app! It was weird.
2025-01-14 10:50:18.428 | INFO     | __main__:main:114 - I just found a meme! It was amazing.
2025-01-14 10:50:21.432 | INFO     | __main__:main:114 - I just tried a story! It was weird.
2025-01-14 10:50:24.434 | INFO     | __main__:main:114 - I just tried a movie! It was exciting.
2025-01-14 10:50:27.440 | INFO     | __main__:main:114 - I just tried a trick! It was boring.
2025-01-14 10:50:30.442 | INFO     | __main__:main:114 - I just loved a movie! It was boring.
2025-01-14 10:50:33.444 | INFO     | __main__:main:114 - I just shared an app! It was funny.
2025-01-14 10:50:36.450 | INFO     | __main__:main:114 - I just found a story! It was boring.
2025-01-14 10:50:39.455 | INFO     | __main__:main:114 - I just saw a movie! It was boring.
2025-01-14 10:50:42.458 | INFO     | __main__:main:114 - I just found a movie! It was boring.
2025-01-14 10:50:45.459 | INFO     | __main__:main:114 - I just shared an app! It was boring.
2025-01-14 10:50:48.465 | INFO     | __main__:main:114 - I just loved a trick! It was boring.
2025-01-14 10:50:51.466 | INFO     | __main__:main:114 - I just found a trick! It was exciting.
2025-01-14 10:50:54.468 | INFO     | __main__:main:114 - I just shared a trick! It was boring.
2025-01-14 10:50:57.469 | INFO     | __main__:main:114 - I just loved a story! It was weird.
2025-01-14 10:51:00.475 | INFO     | __main__:main:114 - I just shared a meme! It was exciting.
2025-01-14 10:51:03.476 | INFO     | __main__:main:114 - I just found a movie! It was funny.
2025-01-14 10:51:06.479 | INFO     | __main__:main:114 - I just shared a meme! It was amazing.
2025-01-14 10:51:09.484 | INFO     | __main__:main:114 - I just saw a movie! It was funny.
2025-01-14 10:51:12.490 | INFO     | __main__:main:114 - I just loved a meme! It was boring.
2025-01-16 17:59:47.126 | INFO     | utils.utils_logger:<module>:38 - Logging to file: logs/project_log.log
2025-01-16 17:59:47.126 | INFO     | __main__:main:106 - START producer...
2025-01-16 17:59:47.126 | INFO     | __main__:main:107 - Hit CTRL c (or CMD c) to close.
2025-01-16 17:59:47.126 | INFO     | __main__:get_message_interval:53 - Messages will be sent every 3 seconds.
2025-01-16 17:59:47.126 | INFO     | __main__:main:114 - I just saw a story! It was weird.
2025-01-16 17:59:50.132 | INFO     | __main__:main:114 - I just loved a meme! It was funny.
2025-01-16 17:59:53.134 | INFO     | __main__:main:114 - I just saw a movie! It was funny.
